[    0.000000] Initializing cgroup subsys cpuset
[    0.000000] Initializing cgroup subsys cpu
[    0.000000] Initializing cgroup subsys cpuacct
[    0.000000] Linux version 4.4.0-184-generic (buildd@lgw01-amd64-060) (gcc version 5.4.0 20160609 (Ubuntu 5.4.0-6ubuntu1~16.04.12) ) #214-Ubuntu SMP Thu Jun 4 10:14:11 UTC 2020 (Ubuntu 4.4.0-184.214-generic 4.4.223)
[    0.000000] Command line: BOOT_IMAGE=/boot/vmlinuz-4.4.0-184-generic root=LABEL=cloudimg-rootfs ro console=tty1 console=ttyS0
[    0.000000] KERNEL supported cpus:
[    0.000000]   Intel GenuineIntel
[    0.000000]   AMD AuthenticAMD
[    0.000000]   Centaur CentaurHauls
[    0.000000] x86/fpu: xstate_offset[2]:  576, xstate_sizes[2]:  256
[    0.000000] x86/fpu: Supporting XSAVE feature 0x01: 'x87 floating point registers'
[    0.000000] x86/fpu: Supporting XSAVE feature 0x02: 'SSE registers'
[    0.000000] x86/fpu: Supporting XSAVE feature 0x04: 'AVX registers'
[    0.000000] x86/fpu: Enabled xstate features 0x7, context size is 832 bytes, using 'standard' format.
[    0.000000] e820: BIOS-provided physical RAM map:
[    0.000000] BIOS-e820: [mem 0x0000000000000000-0x000000000009fbff] usable
[    0.000000] BIOS-e820: [mem 0x000000000009fc00-0x000000000009ffff] reserved
[    0.000000] BIOS-e820: [mem 0x00000000000f0000-0x00000000000fffff] reserved
[    0.000000] BIOS-e820: [mem 0x0000000000100000-0x000000003ffeffff] usable
[    0.000000] BIOS-e820: [mem 0x000000003fff0000-0x000000003fffffff] ACPI data
[    0.000000] BIOS-e820: [mem 0x00000000fec00000-0x00000000fec00fff] reserved
[    0.000000] BIOS-e820: [mem 0x00000000fee00000-0x00000000fee00fff] reserved
[    0.000000] BIOS-e820: [mem 0x00000000fffc0000-0x00000000ffffffff] reserved
[    0.000000] NX (Execute Disable) protection: active
[    0.000000] SMBIOS 2.5 present.
[    0.000000] Hypervisor detected: KVM
[    0.000000] e820: last_pfn = 0x3fff0 max_arch_pfn = 0x400000000
[    0.000000] MTRR: Disabled
[    0.000000] x86/PAT: MTRRs disabled, skipping PAT initialization too.
[    0.000000] CPU MTRRs all blank - virtualized system.
[    0.000000] x86/PAT: Configuration [0-7]: WB  WT  UC- UC  WB  WT  UC- UC  
[    0.000000] found SMP MP-table at [mem 0x0009fff0-0x0009ffff] mapped at [ffff88000009fff0]
[    0.000000] Scanning 1 areas for low memory corruption
[    0.000000] RAMDISK: [mem 0x361c0000-0x370d7fff]
[    0.000000] ACPI: Early table checksum verification disabled
[    0.000000] ACPI: RSDP 0x00000000000E0000 000024 (v02 VBOX  )
[    0.000000] ACPI: XSDT 0x000000003FFF0030 00003C (v01 VBOX   VBOXXSDT 00000001 ASL  00000061)
[    0.000000] ACPI: FACP 0x000000003FFF00F0 0000F4 (v04 VBOX   VBOXFACP 00000001 ASL  00000061)
[    0.000000] ACPI: DSDT 0x000000003FFF0470 002325 (v02 VBOX   VBOXBIOS 00000002 INTL 20100528)
[    0.000000] ACPI: FACS 0x000000003FFF0200 000040
[    0.000000] ACPI: FACS 0x000000003FFF0200 000040
[    0.000000] ACPI: APIC 0x000000003FFF0240 00005C (v02 VBOX   VBOXAPIC 00000001 ASL  00000061)
[    0.000000] ACPI: SSDT 0x000000003FFF02A0 0001CC (v01 VBOX   VBOXCPUT 00000002 INTL 20100528)
[    0.000000] No NUMA configuration found
[    0.000000] Faking a node at [mem 0x0000000000000000-0x000000003ffeffff]
[    0.000000] NODE_DATA(0) allocated [mem 0x3ffeb000-0x3ffeffff]
[    0.000000] kvm-clock: Using msrs 4b564d01 and 4b564d00
[    0.000000] kvm-clock: cpu 0, msr 0:3ffe3001, primary cpu clock
[    0.000000] kvm-clock: using sched offset of 3836027277 cycles
[    0.000000] clocksource: kvm-clock: mask: 0xffffffffffffffff max_cycles: 0x1cd42e4dffb, max_idle_ns: 881590591483 ns
[    0.000000] Zone ranges:
[    0.000000]   DMA      [mem 0x0000000000001000-0x0000000000ffffff]
[    0.000000]   DMA32    [mem 0x0000000001000000-0x000000003ffeffff]
[    0.000000]   Normal   empty
[    0.000000]   Device   empty
[    0.000000] Movable zone start for each node
[    0.000000] Early memory node ranges
[    0.000000]   node   0: [mem 0x0000000000001000-0x000000000009efff]
[    0.000000]   node   0: [mem 0x0000000000100000-0x000000003ffeffff]
[    0.000000] Initmem setup node 0 [mem 0x0000000000001000-0x000000003ffeffff]
[    0.000000] ACPI: PM-Timer IO Port: 0x4008
[    0.000000] IOAPIC[0]: apic_id 2, version 32, address 0xfec00000, GSI 0-23
[    0.000000] ACPI: INT_SRC_OVR (bus 0 bus_irq 0 global_irq 2 dfl dfl)
[    0.000000] ACPI: INT_SRC_OVR (bus 0 bus_irq 9 global_irq 9 low level)
[    0.000000] Using ACPI (MADT) for SMP configuration information
[    0.000000] smpboot: Allowing 2 CPUs, 0 hotplug CPUs
[    0.000000] PM: Registered nosave memory: [mem 0x00000000-0x00000fff]
[    0.000000] PM: Registered nosave memory: [mem 0x0009f000-0x0009ffff]
[    0.000000] PM: Registered nosave memory: [mem 0x000a0000-0x000effff]
[    0.000000] PM: Registered nosave memory: [mem 0x000f0000-0x000fffff]
[    0.000000] e820: [mem 0x40000000-0xfebfffff] available for PCI devices
[    0.000000] Booting paravirtualized kernel on KVM
[    0.000000] clocksource: refined-jiffies: mask: 0xffffffff max_cycles: 0xffffffff, max_idle_ns: 7645519600211568 ns
[    0.000000] setup_percpu: NR_CPUS:512 nr_cpumask_bits:512 nr_cpu_ids:2 nr_node_ids:1
[    0.000000] PERCPU: Embedded 33 pages/cpu @ffff88003fc00000 s95448 r8192 d31528 u1048576
[    0.000000] Built 1 zonelists in Node order, mobility grouping on.  Total pages: 257912
[    0.000000] Policy zone: DMA32
[    0.000000] Kernel command line: BOOT_IMAGE=/boot/vmlinuz-4.4.0-184-generic root=LABEL=cloudimg-rootfs ro console=tty1 console=ttyS0
[    0.000000] PID hash table entries: 4096 (order: 3, 32768 bytes)
[    0.000000] Memory: 997092K/1048120K available (8632K kernel code, 1336K rwdata, 4036K rodata, 1492K init, 1292K bss, 51028K reserved, 0K cma-reserved)
[    0.000000] SLUB: HWalign=64, Order=0-3, MinObjects=0, CPUs=2, Nodes=1
[    0.000000] Kernel/User page tables isolation: enabled
[    0.000000] Hierarchical RCU implementation.
[    0.000000] 	Build-time adjustment of leaf fanout to 64.
[    0.000000] 	RCU restricting CPUs from NR_CPUS=512 to nr_cpu_ids=2.
[    0.000000] RCU: Adjusting geometry for rcu_fanout_leaf=64, nr_cpu_ids=2
[    0.000000] NR_IRQS:33024 nr_irqs:440 16
[    0.000000] Console: colour VGA+ 80x25
[    0.000000] console [tty1] enabled
[    0.000000] console [ttyS0] enabled
[    0.000000] tsc: Detected 1996.799 MHz processor
[    0.148455] Calibrating delay loop (skipped) preset value.. 3993.59 BogoMIPS (lpj=7987196)
[    0.150286] pid_max: default: 32768 minimum: 301
[    0.151247] ACPI: Core revision 20150930
[    0.152929] ACPI: 2 ACPI AML tables successfully acquired and loaded
[    0.154417] Security Framework initialized
[    0.155319] Yama: becoming mindful.
[    0.156179] AppArmor: AppArmor initialized
[    0.157121] Dentry cache hash table entries: 131072 (order: 8, 1048576 bytes)
[    0.160780] Inode-cache hash table entries: 65536 (order: 7, 524288 bytes)
[    0.162191] Mount-cache hash table entries: 2048 (order: 2, 16384 bytes)
[    0.163520] Mountpoint-cache hash table entries: 2048 (order: 2, 16384 bytes)
[    0.165192] Initializing cgroup subsys io
[    0.166063] Initializing cgroup subsys memory
[    0.166996] Initializing cgroup subsys devices
[    0.168017] Initializing cgroup subsys freezer
[    0.168970] Initializing cgroup subsys net_cls
[    0.169966] Initializing cgroup subsys perf_event
[    0.170959] Initializing cgroup subsys net_prio
[    0.171963] Initializing cgroup subsys hugetlb
[    0.172901] Initializing cgroup subsys pids
[    0.177632] mce: CPU supports 0 MCE banks
[    0.178560] Last level iTLB entries: 4KB 0, 2MB 0, 4MB 0
[    0.179733] Last level dTLB entries: 4KB 0, 2MB 0, 4MB 0, 1GB 0
[    0.181280] Spectre V1 : Mitigation: usercopy/swapgs barriers and __user pointer sanitization
[    0.183058] Spectre V2 : Mitigation: Full generic retpoline
[    0.184200] Spectre V2 : Spectre v2 / SpectreRSB mitigation: Filling RSB on context switch
[    0.186237] Speculative Store Bypass: Vulnerable
[    0.187313] MDS: Mitigation: Clear CPU buffers
[    0.190956] Freeing SMP alternatives memory: 36K
[    0.198077] ftrace: allocating 32319 entries in 127 pages
[    0.267020] smpboot: APIC(0) Converting physical 0 to logical package 0
[    0.268791] smpboot: Max logical packages: 1
[    0.269969] x2apic enabled
[    0.270977] Switched APIC routing to physical x2apic.
[    0.273491] ..TIMER: vector=0x30 apic1=0 pin1=2 apic2=-1 pin2=-1
[    0.382828] smpboot: CPU0: Intel(R) Core(TM) i5-1038NG7 CPU @ 2.00GHz (family: 0x6, model: 0x7e, stepping: 0x5)
[    0.385750] Performance Events: unsupported p6 CPU model 126 no PMU driver, software events only.
[    0.399508] KVM setup paravirtual spinlock
[    0.401181] x86: Booting SMP configuration:
[    0.402089] .... node  #0, CPUs:      #1
[    0.403094] kvm-clock: cpu 1, msr 0:3ffe3041, secondary cpu clock
[    0.408733] mce: CPU supports 0 MCE banks
[    0.411922] x86: Booted up 1 node, 2 CPUs
[    0.412984] smpboot: Total of 2 processors activated (7987.19 BogoMIPS)
[    0.415386] devtmpfs: initialized
[    0.417177] evm: security.selinux
[    0.417934] evm: security.SMACK64
[    0.418761] evm: security.SMACK64EXEC
[    0.419806] evm: security.SMACK64TRANSMUTE
[    0.420929] evm: security.SMACK64MMAP
[    0.421754] evm: security.ima
[    0.422484] evm: security.capability
[    0.423567] clocksource: jiffies: mask: 0xffffffff max_cycles: 0xffffffff, max_idle_ns: 7645041785100000 ns
[    0.425575] futex hash table entries: 512 (order: 3, 32768 bytes)
[    0.427077] pinctrl core: initialized pinctrl subsystem
[    0.428248] RTC time:  9:14:22, date: 09/18/20
[    0.429411] NET: Registered protocol family 16
[    0.442958] cpuidle: using governor ladder
[    0.455117] cpuidle: using governor menu
[    0.456921] PCCT header not found.
[    0.458477] ACPI: bus type PCI registered
[    0.459494] acpiphp: ACPI Hot Plug PCI Controller Driver version: 0.5
[    0.461113] PCI: Using configuration type 1 for base access
[    0.474981] ACPI: Added _OSI(Module Device)
[    0.476049] ACPI: Added _OSI(Processor Device)
[    0.476978] ACPI: Added _OSI(3.0 _SCP Extensions)
[    0.477964] ACPI: Added _OSI(Processor Aggregator Device)
[    0.479947] ACPI: Executed 1 blocks of module-level executable AML code
[    0.483246] ACPI: Interpreter enabled
[    0.484066] ACPI: (supports S0 S5)
[    0.484892] ACPI: Using IOAPIC for interrupt routing
[    0.486099] PCI: Using host bridge windows from ACPI; if necessary, use "pci=nocrs" and report a bug
[    0.492246] ACPI: PCI Root Bridge [PCI0] (domain 0000 [bus 00-ff])
[    0.493501] acpi PNP0A03:00: _OSC: OS supports [ASPM ClockPM Segments MSI]
[    0.495284] acpi PNP0A03:00: _OSC: not requesting OS control; OS requires [ExtendedConfig ASPM ClockPM MSI]
[    0.497530] acpi PNP0A03:00: fail to add MMCONFIG information, can't access extended PCI configuration space under this bridge.
[    0.500547] PCI host bridge to bus 0000:00
[    0.501475] pci_bus 0000:00: root bus resource [io  0x0000-0x0cf7 window]
[    0.502838] pci_bus 0000:00: root bus resource [io  0x0d00-0xffff window]
[    0.504210] pci_bus 0000:00: root bus resource [mem 0x000a0000-0x000bffff window]
[    0.505835] pci_bus 0000:00: root bus resource [mem 0x40000000-0xfdffffff window]
[    0.507461] pci_bus 0000:00: root bus resource [bus 00-ff]
[    0.510826] pci 0000:00:01.1: legacy IDE quirk: reg 0x10: [io  0x01f0-0x01f7]
[    0.512322] pci 0000:00:01.1: legacy IDE quirk: reg 0x14: [io  0x03f6]
[    0.513680] pci 0000:00:01.1: legacy IDE quirk: reg 0x18: [io  0x0170-0x0177]
[    0.515220] pci 0000:00:01.1: legacy IDE quirk: reg 0x1c: [io  0x0376]
[    0.538034] pci 0000:00:07.0: quirk: [io  0x4000-0x403f] claimed by PIIX4 ACPI
[    0.539689] pci 0000:00:07.0: quirk: [io  0x4100-0x410f] claimed by PIIX4 SMB
[    0.545832] ACPI: PCI Interrupt Link [LNKA] (IRQs 5 9 10 *11)
[    0.547679] ACPI: PCI Interrupt Link [LNKB] (IRQs 5 9 *10 11)
[    0.549504] ACPI: PCI Interrupt Link [LNKC] (IRQs 5 *9 10 11)
[    0.551312] ACPI: PCI Interrupt Link [LNKD] (IRQs 5 9 10 *11)
[    0.553557] ACPI: Enabled 2 GPEs in block 00 to 07
[    0.555169] vgaarb: setting as boot device: PCI:0000:00:02.0
[    0.556456] vgaarb: device added: PCI:0000:00:02.0,decodes=io+mem,owns=io+mem,locks=none
[    0.558256] vgaarb: loaded
[    0.558964] vgaarb: bridge control possible 0000:00:02.0
[    0.560551] SCSI subsystem initialized
[    0.561563] ACPI: bus type USB registered
[    0.562463] usbcore: registered new interface driver usbfs
[    0.563598] usbcore: registered new interface driver hub
[    0.564706] usbcore: registered new device driver usb
[    0.565940] PCI: Using ACPI for IRQ routing
[    0.569281] NetLabel: Initializing
[    0.570161] NetLabel:  domain hash size = 128
[    0.571216] NetLabel:  protocols = UNLABELED CIPSOv4
[    0.572306] NetLabel:  unlabeled traffic allowed by default
[    0.573647] amd_nb: Cannot enumerate AMD northbridges
[    0.574804] clocksource: Switched to clocksource kvm-clock
[    0.585125] AppArmor: AppArmor Filesystem Enabled
[    0.586250] pnp: PnP ACPI init
[    0.588136] pnp: PnP ACPI: found 3 devices
[    0.597502] clocksource: acpi_pm: mask: 0xffffff max_cycles: 0xffffff, max_idle_ns: 2085701024 ns
[    0.599447] NET: Registered protocol family 2
[    0.600558] TCP established hash table entries: 8192 (order: 4, 65536 bytes)
[    0.602007] TCP bind hash table entries: 8192 (order: 5, 131072 bytes)
[    0.604120] TCP: Hash tables configured (established 8192 bind 8192)
[    0.605932] UDP hash table entries: 512 (order: 2, 16384 bytes)
[    0.607424] UDP-Lite hash table entries: 512 (order: 2, 16384 bytes)
[    0.609646] NET: Registered protocol family 1
[    0.610995] pci 0000:00:00.0: Limiting direct PCI/PCI transfers
[    0.612964] pci 0000:00:01.0: Activating ISA DMA hang workarounds
[    0.614820] Unpacking initramfs...
[    0.872685] Freeing initrd memory: 15456K
[    0.874060] clocksource: tsc: mask: 0xffffffffffffffff max_cycles: 0x3990bc5adef, max_idle_ns: 881590438240 ns
[    0.876523] platform rtc_cmos: registered platform RTC device (no PNP device found)
[    0.878193] Scanning for low memory corruption every 60 seconds
[    0.879987] audit: initializing netlink subsys (disabled)
[    0.881221] audit: type=2000 audit(1600420468.102:1): initialized
[    0.882659] Initialise system trusted keyring
[    0.884112] HugeTLB registered 2 MB page size, pre-allocated 0 pages
[    0.887231] zbud: loaded
[    0.888407] VFS: Disk quotas dquot_6.6.0
[    0.889547] VFS: Dquot-cache hash table entries: 512 (order 0, 4096 bytes)
[    0.891376] squashfs: version 4.0 (2009/01/31) Phillip Lougher
[    0.892939] fuse init (API version 7.23)
[    0.893880] Key type big_key registered
[    0.894739] Allocating IMA MOK and blacklist keyrings.
[    0.896682] Key type asymmetric registered
[    0.897588] Asymmetric key parser 'x509' registered
[    0.898630] Block layer SCSI generic (bsg) driver version 0.4 loaded (major 249)
[    0.900745] io scheduler noop registered
[    0.901610] io scheduler deadline registered (default)
[    0.902712] io scheduler cfq registered
[    0.903720] pci_hotplug: PCI Hot Plug PCI Core version: 0.5
[    0.904928] pciehp: PCI Express Hot Plug Controller Driver version: 0.4
[    0.906667] ACPI: AC Adapter [AC] (on-line)
[    0.907705] input: Power Button as /devices/LNXSYSTM:00/LNXPWRBN:00/input/input0
[    0.909323] ACPI: Power Button [PWRF]
[    0.910257] input: Sleep Button as /devices/LNXSYSTM:00/LNXSLPBN:00/input/input1
[    0.911961] ACPI: Sleep Button [SLPF]
[    0.912994] GHES: HEST is not enabled!
[    0.915045] Serial: 8250/16550 driver, 32 ports, IRQ sharing enabled
[    0.923133] ACPI: Battery Slot [BAT0] (battery present)
[    0.937071] 00:02: ttyS0 at I/O 0x3f8 (irq = 4, base_baud = 115200) is a 16550A
[    0.940475] Linux agpgart interface v0.103
[    0.945413] loop: module loaded
[    0.946734] scsi host0: ata_piix
[    0.947662] scsi host1: ata_piix
[    0.948428] ata1: PATA max UDMA/33 cmd 0x1f0 ctl 0x3f6 bmdma 0xd000 irq 14
[    0.949792] ata2: PATA max UDMA/33 cmd 0x170 ctl 0x376 bmdma 0xd008 irq 15
[    0.951503] libphy: Fixed MDIO Bus: probed
[    0.952491] tun: Universal TUN/TAP device driver, 1.6
[    0.953593] tun: (C) 1999-2004 Max Krasnyansky <maxk@qualcomm.com>
[    0.954999] PPP generic driver version 2.4.2
[    0.956026] ehci_hcd: USB 2.0 'Enhanced' Host Controller (EHCI) Driver
[    0.957306] ehci-pci: EHCI PCI platform driver
[    0.958302] ehci-platform: EHCI generic platform driver
[    0.959731] ohci_hcd: USB 1.1 'Open' Host Controller (OHCI) Driver
[    0.960969] ohci-pci: OHCI PCI platform driver
[    0.961936] ohci-platform: OHCI generic platform driver
[    0.963021] uhci_hcd: USB Universal Host Controller Interface driver
[    0.964339] i8042: PNP: PS/2 Controller [PNP0303:PS2K,PNP0f03:PS2M] at 0x60,0x64 irq 1,12
[    0.966623] serio: i8042 KBD port at 0x60,0x64 irq 1
[    0.967797] serio: i8042 AUX port at 0x60,0x64 irq 12
[    0.969408] mousedev: PS/2 mouse device common for all mice
[    0.971095] rtc_cmos rtc_cmos: rtc core: registered rtc_cmos as rtc0
[    0.972627] rtc_cmos rtc_cmos: alarms up to one day, 114 bytes nvram
[    0.974045] input: AT Translated Set 2 keyboard as /devices/platform/i8042/serio0/input/input2
[    0.976178] i2c /dev entries driver
[    0.977072] device-mapper: uevent: version 1.0.3
[    0.978203] device-mapper: ioctl: 4.34.0-ioctl (2015-10-28) initialised: dm-devel@redhat.com
[    0.980012] ledtrig-cpu: registered to indicate activity on CPUs
[    0.981722] NET: Registered protocol family 10
[    0.982893] NET: Registered protocol family 17
[    0.983834] Key type dns_resolver registered
[    0.985188] registered taskstats version 1
[    0.986141] Loading compiled-in X.509 certificates
[    0.987923] Loaded X.509 cert 'Build time autogenerated kernel key: b6ae09eed57f82583ccd3c65c463e852cdd7a0b5'
[    0.990035] zswap: loaded using pool lzo/zbud
[    0.992557] Key type trusted registered
[    0.995884] Key type encrypted registered
[    0.996818] AppArmor: AppArmor sha1 policy hashing enabled
[    0.998108] ima: No TPM chip found, activating TPM-bypass!
[    0.999307] ima: Allocated hash algorithm: sha1
[    1.000380] evm: HMAC attrs: 0x1
[    1.001467]   Magic number: 4:492:222
[    1.002460] rtc_cmos rtc_cmos: setting system clock to 2020-09-18 09:14:22 UTC (1600420462)
[    1.004452] BIOS EDD facility v0.16 2004-Jun-25, 0 devices found
[    1.005635] EDD information not available.
[    1.179515] Freeing unused kernel memory: 1492K
[    1.180832] Write protecting the kernel read-only data: 14336k
[    1.182430] Freeing unused kernel memory: 1596K
[    1.183665] Freeing unused kernel memory: 60K
Loading, please wait...
starting version 229
[    1.196757] random: systemd-udevd: uninitialized urandom read (16 bytes read, 3 bits of entropy available)
[    1.197293] random: udevadm: uninitialized urandom read (16 bytes read, 3 bits of entropy available)
[    1.197314] random: udevadm: uninitialized urandom read (16 bytes read, 3 bits of entropy available)
[    1.203787] random: systemd-udevd: uninitialized urandom read (16 bytes read, 3 bits of entropy available)
[    1.205789] random: udevadm: uninitialized urandom read (16 bytes read, 3 bits of entropy available)
[    1.205839] random: udevadm: uninitialized urandom read (16 bytes read, 3 bits of entropy available)
[    1.205964] random: udevadm: uninitialized urandom read (16 bytes read, 3 bits of entropy available)
[    1.206009] random: udevadm: uninitialized urandom read (16 bytes read, 3 bits of entropy available)
[    1.206051] random: udevadm: uninitialized urandom read (16 bytes read, 3 bits of entropy available)
[    1.206094] random: udevadm: uninitialized urandom read (16 bytes read, 3 bits of entropy available)
[    1.250240] e1000: Intel(R) PRO/1000 Network Driver - version 7.3.21-k8-NAPI
[    1.252590] e1000: Copyright (c) 1999-2006 Intel Corporation.
[    1.264407] Fusion MPT base driver 3.04.20
[    1.265693] Copyright (c) 1999-2008 LSI Corporation
[    1.276877] [drm] Initialized drm 1.1.0 20060810
[    1.285859] AVX2 version of gcm_enc/dec engaged.
[    1.287095] AES CTR mode by8 optimization enabled
[    1.300675] Fusion MPT SPI Host driver 3.04.20
[    1.314765] vboxvideo: loading out-of-tree module taints kernel.
[    1.316979] vboxvideo: module verification failed: signature and/or required key missing - tainting kernel
[    1.477323] input: ImExPS/2 Generic Explorer Mouse as /devices/platform/i8042/serio1/input/input4
[    1.670914] e1000 0000:00:03.0 eth0: (PCI:33MHz:32-bit) 02:35:97:08:6b:2a
[    1.672760] e1000 0000:00:03.0 eth0: Intel(R) PRO/1000 Network Connection
[    1.676009] e1000 0000:00:03.0 enp0s3: renamed from eth0
[    1.677522] mptbase: ioc0: Initiating bringup
[    2.076137] ioc0: LSI53C1030 A0: Capabilities={Initiator}
[    4.379730] scsi host2: ioc0: LSI53C1030 A0, FwRev=00000000h, Ports=1, MaxQ=256, IRQ=20
[    5.986787] [drm] VRAM 01000000
[    5.986795] scsi 2:0:0:0: Direct-Access     VBOX     HARDDISK         1.0  PQ: 0 ANSI: 5
[    5.986801] scsi target2:0:0: Beginning Domain Validation
[    5.987786] scsi target2:0:0: Domain Validation skipping write tests
[    5.987788] scsi target2:0:0: Ending Domain Validation
[    5.987880] scsi target2:0:0: asynchronous
[    5.988692] scsi 2:0:1:0: Direct-Access     VBOX     HARDDISK         1.0  PQ: 0 ANSI: 5
[    5.988698] scsi target2:0:1: Beginning Domain Validation
[    5.990206] scsi target2:0:1: Domain Validation skipping write tests
[    5.990207] scsi target2:0:1: Ending Domain Validation
[    5.990323] scsi target2:0:1: asynchronous
[    5.999902] sd 2:0:0:0: Attached scsi generic sg0 type 0
[    6.000215] sd 2:0:0:0: [sda] 20971520 512-byte logical blocks: (10.7 GB/10.0 GiB)
[    6.000226] sd 2:0:1:0: [sdb] 20480 512-byte logical blocks: (10.5 MB/10.0 MiB)
[    6.000362] sd 2:0:1:0: [sdb] Write Protect is off
[    6.000372] sd 2:0:0:0: [sda] Write Protect is off
[    6.000455] sd 2:0:1:0: [sdb] Incomplete mode parameter data
[    6.000456] sd 2:0:1:0: [sdb] Assuming drive cache: write through
[    6.000465] sd 2:0:0:0: [sda] Incomplete mode parameter data
[    6.000466] sd 2:0:0:0: [sda] Assuming drive cache: write through
[    6.001175] sd 2:0:1:0: Attached scsi generic sg1 type 0
[    6.002856]  sda: sda1
[    6.003624] sd 2:0:0:0: [sda] Attached SCSI disk
[    6.003635] sd 2:0:1:0: [sdb] Attached SCSI disk
[    6.028765] [TTM] Zone  kernel: Available graphics memory: 507866 kiB
[    6.030086] [TTM] Initializing pool allocator
[    6.031128] [TTM] Initializing DMA pool allocator
[    6.033589] fbcon: vboxdrmfb (fb0) is primary device
[    6.038566] Console: switching to colour frame buffer device 100x37
[    6.040918] vboxvideo 0000:00:02.0: fb0: vboxdrmfb frame buffer device
[    6.054845] [drm] Initialized vboxvideo 1.0.0 20130823 for 0000:00:02.0 on minor 0
Begin: Loading essential drivers ... [    6.127288] md: linear personality registered for level -1
[    6.130499] md: multipath personality registered for level -4
[    6.134207] md: raid0 personality registered for level 0
[    6.137698] md: raid1 personality registered for level 1
[    6.207037] raid6: sse2x1   gen() 10785 MB/s
[    6.275332] raid6: sse2x1   xor()  8080 MB/s
[    6.342870] raid6: sse2x2   gen() 16674 MB/s
[    6.410894] raid6: sse2x2   xor() 10665 MB/s
[    6.479191] raid6: sse2x4   gen() 17064 MB/s
[    6.547122] raid6: sse2x4   xor() 11396 MB/s
[    6.614898] raid6: avx2x1   gen() 21817 MB/s
[    6.682846] raid6: avx2x2   gen() 29626 MB/s
[    6.751694] raid6: avx2x4   gen() 30606 MB/s
[    6.752757] raid6: using algorithm avx2x4 gen() 30606 MB/s
[    6.754137] raid6: using avx2x2 recovery algorithm
[    6.756412] xor: automatically using best checksumming function:
[    6.795331]    avx       : 25630.000 MB/sec
[    6.797333] async_tx: api initialized (async)
[    6.808210] md: raid6 personality registered for level 6
[    6.810322] md: raid5 personality registered for level 5
[    6.811326] md: raid4 personality registered for level 4
[    6.819808] md: raid10 personality registered for level 10
done.
Begin: Running /scripts/init-premount ... done.
Begin: Mounting root file system ... Begin: Running /scripts/local-top ... done.
Begin: Running /scripts/local-premount ... [    6.847914] Btrfs loaded
Scanning for Btrfs filesystems
done.
Warning: fsck not present, so skipping root file system
[    6.876457] EXT4-fs (sda1): mounted filesystem with ordered data mode. Opts: (null)
done.
Begin: Running /scripts/local-bottom ... done.
Begin: Running /scripts/init-bottom ... done.
[    6.987167] systemd[1]: systemd 229 running in system mode. (+PAM +AUDIT +SELINUX +IMA +APPARMOR +SMACK +SYSVINIT +UTMP +LIBCRYPTSETUP +GCRYPT +GNUTLS +ACL +XZ -LZ4 +SECCOMP +BLKID +ELFUTILS +KMOD -IDN)
[    6.990494] systemd[1]: Detected virtualization oracle.
[    6.991947] systemd[1]: Detected architecture x86-64.

Welcome to [1mUbuntu 16.04.6 LTS[0m!

[    6.997312] systemd[1]: Set hostname to <ubuntu-xenial>.
[    7.145451] systemd[1]: Listening on Device-mapper event daemon FIFOs.
[[0;32m  OK  [0m] Listening on Device-mapper event daemon FIFOs.
[    7.147975] systemd[1]: Listening on Journal Audit Socket.
[[0;32m  OK  [0m] Listening on Journal Audit Socket.
[    7.149999] systemd[1]: Reached target Swap.
[[0;32m  OK  [0m] Reached target Swap.
[    7.151861] systemd[1]: Listening on udev Kernel Socket.
[[0;32m  OK  [0m] Listening on udev Kernel Socket.
[    7.154020] systemd[1]: Listening on udev Control Socket.
[[0;32m  OK  [0m] Listening on udev Control Socket.
[    7.156061] systemd[1]: Reached target User and Group Name Lookups.
[[0;32m  OK  [0m] Reached target User and Group Name Lookups.
[    7.159051] systemd[1]: Created slice System Slice.
[[0;32m  OK  [0m] Created slice System Slice.
[    7.161366] systemd[1]: Created slice system-serial\x2dgetty.slice.
[[0;32m  OK  [0m] Created slice system-serial\x2dgetty.slice.
[    7.165241] systemd[1]: Started Trigger resolvconf update for networkd DNS.
[[0;32m  OK  [0m] Started Trigger resolvconf update for networkd DNS.
[    7.169310] systemd[1]: Started Forward Password Requests to Wall Directory Watch.
[[0;32m  OK  [0m] Started Forward Password Requests to Wall Directory Watch.
[    7.174258] systemd[1]: Created slice User and Session Slice.
[[0;32m  OK  [0m] Created slice User and Session Slice.
[    7.182655] systemd[1]: Reached target Slices.
[[0;32m  OK  [0m] Reached target Slices.
[    7.186577] systemd[1]: Listening on Journal Socket.
[[0;32m  OK  [0m] Listening on Journal Socket.
[    7.203502] systemd[1]: Starting Create list of required static device nodes for the current kernel...
         Starting Create list of required st... nodes for the current kernel...
[    7.211255] systemd[1]: Starting Set console keymap...
         Starting Set console keymap...
[    7.213745] systemd[1]: Starting Remount Root and Kernel File Systems...
         Starting Remount Root and Kernel File Systems...
[    7.217427] systemd[1]: Starting Uncomplicated firewall...
         Starting Uncomplicated firewall...
[    7.220688] systemd[1]: Starting Nameserver information manager...
         Starting Nameserver information manager...
[    7.226498] systemd[1]: Mounting Huge Pages File System...
[    7.227767] EXT4-fs (sda1): re-mounted. Opts: (null)
         Mounting Huge Pages File System...
[    7.237250] systemd[1]: Starting Load Kernel Modules...
         Starting Load Kernel Modules...
[    7.239685] systemd[1]: Listening on Journal Socket (/dev/log).
[[0;32m  OK  [0m] Listening on Journal Socket (/dev/log).
[    7.243224] systemd[1]: Listening on Syslog Socket.
[[0;32m  OK  [0m] Listening on Syslog Socket.
[    7.246035] systemd[1]: Starting Journal Service...
         Starting Journal Service...
[    7.248316] systemd[1]: Listening on /dev/initctl Compatibility Named Pipe.
[[0;32m  OK  [0m] Listening on /dev/initctl Compatibility Named Pipe.
[    7.251392] systemd[1]: Listening on LVM2 poll daemon socket.
[[0;32m  OK  [0m] Listening on LVM2 poll daemon socket.
[    7.253753] Loading iSCSI transport class v2.0-870.
[    7.254326] systemd[1]: Mounting Debug File System...
         Mounting Debug File System...
[    7.256922] systemd[1]: Set up automount Arbitrary Executable File Formats File System Automount Point.
[[0;32m  OK  [0m] Set up automount Arbitrary Executab...ats File System Automount Point.
[    7.262185] systemd[1]: Reached target Encrypted Volumes.
[[0;32m  OK  [0m] Reached target Encrypted Volumes.
[    7.276180] iscsi: registered transport (tcp)
[    7.286978] systemd[1]: Mounting POSIX Message Queue File System...
         Mounting POSIX Message Queue File System...
[    7.289387] systemd[1]: Reached target System Time Synchronized.
[[0;32m  OK  [0m] Reached target System Time Synchronized.
[    7.291986] systemd[1]: Listening on LVM2 metadata daemon socket.
[[0;32m  OK  [0m] Listening on LVM2 metadata daemon socket.
[    7.295193] systemd[1]: Starting Monitoring of LVM2 mirrors, snapshots etc. using dmeventd or progress polling...
         Starting Monitoring of LVM2 mirrors... dmeventd or progress polling...
[    7.300838] systemd[1]: Mounted Debug File System.
[[0;32m  OK  [0m] Mounted Debug File System.
[    7.302903] systemd[1]: Mounted Huge Pages File System.
[[0;32m  OK  [0m] Mounted Huge Pages File System.
[    7.304983] systemd[1]: Mounted POSIX Message Queue File System.
[[0;32m  OK  [0m] Mounted POSIX Message Queue File System.
[    7.307856] systemd[1]: Started Journal Service.
[[0;32m  OK  [0m] Started Journal Service.
[[0;32m  OK  [0m] Started Create list of required sta...ce nodes for the current kernel.
[[0;32m  OK  [0m] Started Set console keymap.
[[0;32m  OK  [0m] Started Remount Root and Kernel File Systems.
[[0;32m  OK  [0m] Started Uncomplicated firewall.
         Starting Load/Save Random Seed...
         Starting udev Coldplug all Devices...
         Starting Create Static Device Nodes in /dev...
         Starting Flush Journal to Persistent Storage...
[[0;32m  OK  [0m] Started Nameserver information manager.
[[0;32m  OK  [0m] Started Load/Save Random Seed.
[[0;32m  OK  [0m] Started LVM2 metadata daemon.
[    7.343470] systemd-journald[393]: Received request to flush runtime journal from PID 1
[[0;32m  OK  [0m] Started Flush Journal to Persistent Storage.
[    7.351824] iscsi: registered transport (iser)
[[0;32m  OK  [0m] Started Load Kernel Modules.
         Mounting FUSE Control File System...
         Starting Apply Kernel Variables...
[[0;32m  OK  [0m] Mounted FUSE Control File System.
[[0;32m  OK  [0m] Started Create Static Device Nodes in /dev.
         Starting udev Kernel Device Manager...
[[0;32m  OK  [0m] Started Apply Kernel Variables.
[[0;32m  OK  [0m] Started udev Coldplug all Devices.
[[0;32m  OK  [0m] Started udev Kernel Device Manager.
[[0;32m  OK  [0m] Started Dispatch Password Requests to Console Directory Watch.
[[0;32m  OK  [0m] Found device /dev/ttyS0.
[[0;32m  OK  [0m] Listening on Load/Save RF Kill Switch Status /dev/rfkill Watch.
[[0;32m  OK  [0m] Found device 82540EM Gigabit Ethern...r (PRO/1000 MT Desktop Adapter).
[[0;32m  OK  [0m] Started Monitoring of LVM2 mirrors,...ng dmeventd or progress polling.
[[0;32m  OK  [0m] Reached target Local File Systems (Pre).
[[0;32m  OK  [0m] Reached target Local File Systems.
         Starting LSB: AppArmor initialization...
         Starting Initial cloud-init job (pre-networking)...
         Starting Set console font and keymap...
         Starting Tell Plymouth To Write Out Runtime Data...
         Starting Create Volatile Files and Directories...
[[0;32m  OK  [0m] Started Tell Plymouth To Write Out Runtime Data.
[[0;32m  OK  [0m] Started Create Volatile Files and Directories.
         Starting Update UTMP about System Boot/Shutdown...
[[0;32m  OK  [0m] Started Update UTMP about System Boot/Shutdown.
[[0;32m  OK  [0m] Started LSB: AppArmor initialization.
[[0;32m  OK  [0m] Started Set console font and keymap.
[[0;32m  OK  [0m] Created slice system-getty.slice.
[    8.613089] cloud-init[619]: Cloud-init v. 19.4-33-gbb4131a2-0ubuntu1~16.04.1 running 'init-local' at Fri, 18 Sep 2020 09:14:30 +0000. Up 8.39 seconds.
[[0;32m  OK  [0m] Started Initial cloud-init job (pre-networking).
[[0;32m  OK  [0m] Reached target Network (Pre).
[[0;32m  OK  [0m] Started ifup for enp0s3.
         Starting Raise network interfaces...
[[0;32m  OK  [0m] Started Raise network interfaces.
         Starting Initial cloud-init job (metadata service crawler)...
[[0;32m  OK  [0m] Reached target Network.
[    9.237804] cloud-init[981]: Cloud-init v. 19.4-33-gbb4131a2-0ubuntu1~16.04.1 running 'init' at Fri, 18 Sep 2020 09:14:30 +0000. Up 9.01 seconds.
[    9.239962] cloud-init[981]: ci-info: ++++++++++++++++++++++++++++++++++++++Net device info++++++++++++++++++++++++++++++++++++++
[    9.242272] cloud-init[981]: ci-info: +--------+------+----------------------------+---------------+--------+-------------------+
[    9.248976] cloud-init[981]: ci-info: | Device |  Up  |          Address           |      Mask     | Scope  |     Hw-Address    |
[    9.251012] cloud-init[981]: ci-info: +--------+------+----------------------------+---------------+--------+-------------------+
[    9.257005] cloud-init[981]: ci-info: | enp0s3 | True |         10.0.2.15          | 255.255.255.0 | global | 02:35:97:08:6b:2a |
[    9.259154] cloud-init[981]: ci-info: | enp0s3 | True | fe80::35:97ff:fe08:6b2a/64 |       .       |  link  | 02:35:97:08:6b:2a |
[    9.264921] cloud-init[981]: ci-info: |   lo   | True |         127.0.0.1          |   255.0.0.0   |  host  |         .         |
[    9.266850] cloud-init[981]: ci-info: |   lo   | True |          ::1/128           |       .       |  host  |         .         |
[    9.280751] cloud-init[981]: ci-info: +--------+------+----------------------------+---------------+--------+-------------------+
[    9.282569] cloud-init[981]: ci-info: +++++++++++++++++++++++++++Route IPv4 info++++++++++++++++++++++++++++
[    9.284536] cloud-init[981]: ci-info: +-------+-------------+----------+---------------+-----------+-------+
[    9.286324] cloud-init[981]: ci-info: | Route | Destination | Gateway  |    Genmask    | Interface | Flags |
[    9.288460] cloud-init[981]: ci-info: +-------+-------------+----------+---------------+-----------+-------+
[    9.290240] cloud-init[981]: ci-info: |   0   |   0.0.0.0   | 10.0.2.2 |    0.0.0.0    |   enp0s3  |   UG  |
[    9.292165] cloud-init[981]: ci-info: |   1   |   10.0.2.0  | 0.0.0.0  | 255.255.255.0 |   enp0s3  |   U   |
[    9.294546] cloud-init[981]: ci-info: +-------+-------------+----------+---------------+-----------+-------+
[    9.296324] cloud-init[981]: ci-info: +++++++++++++++++++Route IPv6 info+++++++++++++++++++
[    9.297800] cloud-init[981]: ci-info: +-------+-------------+---------+-----------+-------+
[    9.299435] cloud-init[981]: ci-info: | Route | Destination | Gateway | Interface | Flags |
[    9.301257] [[0;32m  OK  [0m] Started Initial cloud-init job (metadata service crawler).
cloud-init[981]: ci-info: +-------+-------------+---------+-----------+-------+
[    9.303438] [[0;32m  OK  [0m] Reached target Cloud-config availability.
[[0;32m  OK  [0m] Reached target Network is Online.
cloud-init[981]: ci-info: |   0   |  fe80::/64  |    ::   |   enp0s3  |   U   |
[    9.306401] cloud-init[981]: ci-info: |   3   |   ff00::/8  |    ::   |   enp0s3  |   U   |
[    9.307822] cloud-init[981]: ci-info: +-------+-------------+---------+-----------+-------+
         Starting iSCSI initiator daemon (iscsid)...
[[0;32m  OK  [0m] Reached target System Initialization.
[[0;32m  OK  [0m] Started Message of the Day.
[[0;32m  OK  [0m] Listening on D-Bus System Message Bus Socket.
         Starting LXD - unix socket.
         Starting Socket activation for snappy daemon.
[[0;32m  OK  [0m] Started Daily apt download activities.
[[0;32m  OK  [0m] Started Daily apt upgrade and clean activities.
[[0;32m  OK  [0m] Listening on UUID daemon activation socket.
[[0;32m  OK  [0m] Started Daily Cleanup of Temporary Directories.
[[0;32m  OK  [0m] Started ACPI Events Check.
[[0;32m  OK  [0m] Reached target Paths.
[[0;32m  OK  [0m] Reached target Timers.
[[0;32m  OK  [0m] Listening on ACPID Listen Socket.
[[0;32m  OK  [0m] Listening on LXD - unix socket.
[[0;32m  OK  [0m] Listening on Socket activation for snappy daemon.
[[0;32m  OK  [0m] Reached target Sockets.
[[0;32m  OK  [0m] Reached target Basic System.
         Starting /etc/rc.local Compatibility...
[[0;32m  OK  [0m] Started Deferred execution scheduler.
         Starting System Logging Service...
[[0;32m  OK  [0m] Started ACPI event daemon.
         Starting Login Service...
         Starting Accounts Service...
         Starting MySQL Community Server...
[[0;32m  OK  [0m] Started Regular background program processing daemon.
         Starting LSB: Record successful boot for GRUB...
         Starting LXD - container startup/shutdown...
         Starting vboxadd.service...
         Starting OpenBSD Secure Shell server...
         Starting Snappy daemon...
[[0;32m  OK  [0m] Started D-Bus System Message Bus.
         Starting LSB: MD monitoring daemon...
[[0;32m  OK  [0m] Started FUSE filesystem for LXC.
[[0;32m  OK  [0m] Started System Logging Service.
[[0;32m  OK  [0m] Started iSCSI initiator daemon (iscsid).
[[0;32m  OK  [0m] Started /etc/rc.local Compatibility.
[[0;32m  OK  [0m] Started Login Service.
[[0;32m  OK  [0m] Started Unattended Upgrades Shutdown.
         Starting Authenticate and Authorize Users to Run Privileged Tasks...
         Starting Login to default iSCSI targets...
[[0;32m  OK  [0m] Started LSB: Record successful boot for GRUB.
[[0;32m  OK  [0m] Started OpenBSD Secure Shell server.
[[0;32m  OK  [0m] Started Authenticate and Authorize Users to Run Privileged Tasks.
[[0;32m  OK  [0m] Started Accounts Service.
[[0;32m  OK  [0m] Started Login to default iSCSI targets.
[[0;32m  OK  [0m] Reached target Remote File Systems (Pre).
[[0;32m  OK  [0m] Reached target Remote File Systems.
         Starting Permit User Sessions...
         Starting LSB: daemon to balance interrupts for SMP systems...
         Starting LSB: automatic crash report generation...
         Starting LSB: Set the CPU Frequency Scaling governor to "ondemand"...
[[0;32m  OK  [0m] Started Permit User Sessions.
         Starting Terminate Plymouth Boot Screen...
         Starting Hold until boot process finishes up...
[[0;32m  OK  [0m] Started Hold until boot process finishes up.
         Starting Set console scheme...
[[0;32m  OK  [0m] Started Serial Getty on ttyS0.
[[0;32m  OK  [0m] Started Getty on tty1.
[[0;32m  OK  [0m] Reached target Login Prompts.
[[0;32m  OK  [0m] Started Terminate Plymouth Boot Screen.
[[0;32m  OK  [0m] Started Set console scheme.
[[0;32m  OK  [0m] Started LSB: MD monitoring daemon.
[[0;32m  OK  [0m] Started LSB: daemon to balance interrupts for SMP systems.
[[0;32m  OK  [0m] Started LSB: Set the CPU Frequency Scaling governor to "ondemand".
[[0;32m  OK  [0m] Started LXD - container startup/shutdown.
[[0;32m  OK  [0m] Started LSB: automatic crash report generation.
[[0;32m  OK  [0m] Started Snappy daemon.
         Starting Wait until snapd is fully seeded...
[[0;32m  OK  [0m] Started Wait until snapd is fully seeded.
         Starting Apply the settings specified in cloud-config...
[   10.370456] cloud-init[1260]: Cloud-init v. 19.4-33-gbb4131a2-0ubuntu1~16.04.1 running 'modules:config' at Fri, 18 Sep 2020 09:14:31 +0000. Up 10.26 seconds.
[[0;32m  OK  [0m] Started Apply the settings specified in cloud-config.
[[0;32m  OK  [0m] Started MySQL Community Server.
[[0;32m  OK  [0m] Started vboxadd.service.
         Starting vboxadd-service.service...
[[0;32m  OK  [0m] Started vboxadd-service.service.
[[0;32m  OK  [0m] Reached target Multi-User System.
         Starting Execute cloud user/final scripts...
[[0;32m  OK  [0m] Reached target Graphical Interface.
         Starting Update UTMP about System Runlevel Changes...
[[0;32m  OK  [0m] Started Update UTMP about System Runlevel Changes.
[   10.988230] cloud-init[1373]: Cloud-init v. 19.4-33-gbb4131a2-0ubuntu1~16.04.1 running 'modules:final' at Fri, 18 Sep 2020 09:14:32 +0000. Up 10.91 seconds.
[   10.990700] cloud-init[1373]: Cloud-init v. 19.4-33-gbb4131a2-0ubuntu1~16.04.1 finished at Fri, 18 Sep 2020 09:14:32 +0000. Datasource DataSourceNoCloud [seed=/dev/sdb][dsmode=net].  Up 10.98 seconds
[[0;32m  OK  [0m] Started Execute cloud user/final scripts.
[[0;32m  OK  [0m] Reached target Cloud-init target.

Ubuntu 16.04.6 LTS ubuntu-xenial ttyS0

ubuntu-xenial login: 